2019-01-14 00:30:33,258 INFO Temp dir /var/folders/9f/2m92rn2s6p93pg7wy9rrhnzr0000gn/T/tmp3j7s8ryu
2019-01-14 00:30:33,258 INFO MP4s -> MPGs
2019-01-14 00:30:33,259 INFO ffmpeg -i transcoded_outputs//Hitboxes_are_not_right.mp4 -qscale:v 1 /var/folders/9f/2m92rn2s6p93pg7wy9rrhnzr0000gn/T/tmp3j7s8ryu/Hitboxes_are_not_right.mp4.mpg
2019-01-14 00:30:41,156 INFO ffmpeg -i transcoded_outputs//How_to_avoid_getting_hit_while_gliding.mp4 -qscale:v 1 /var/folders/9f/2m92rn2s6p93pg7wy9rrhnzr0000gn/T/tmp3j7s8ryu/How_to_avoid_getting_hit_while_gliding.mp4.mpg
2019-01-14 00:30:56,214 INFO MPGs -> MP4
2019-01-14 00:30:56,214 INFO ffmpeg -i concat:"/var/folders/9f/2m92rn2s6p93pg7wy9rrhnzr0000gn/T/tmp3j7s8ryu/Hitboxes_are_not_right.mp4.mpg|/var/folders/9f/2m92rn2s6p93pg7wy9rrhnzr0000gn/T/tmp3j7s8ryu/How_to_avoid_getting_hit_while_gliding.mp4.mpg|" -c:v libx264 -preset slow -crf 22 -c:a aac -strict -2 final_outputs/2019-01-14-output.mp4
2019-01-14 00:33:03,593 INFO Removing temp dir /var/folders/9f/2m92rn2s6p93pg7wy9rrhnzr0000gn/T/tmp3j7s8ryu...
2019-01-14 00:33:03,620 INFO DONE
2019-01-14 00:48:07,979 INFO Temp dir /var/folders/9f/2m92rn2s6p93pg7wy9rrhnzr0000gn/T/tmpl7xp5lo3
2019-01-14 00:48:07,979 INFO MP4s -> MPGs
2019-01-14 00:48:07,979 INFO ffmpeg -i transcoded_outputs//200_iq_play.mp4 -qscale:v 1 /var/folders/9f/2m92rn2s6p93pg7wy9rrhnzr0000gn/T/tmpl7xp5lo3/200_iq_play.mp4.mpg
2019-01-14 00:48:14,154 INFO ffmpeg -i transcoded_outputs//75000_bits_response_from_sypher.mp4 -qscale:v 1 /var/folders/9f/2m92rn2s6p93pg7wy9rrhnzr0000gn/T/tmpl7xp5lo3/75000_bits_response_from_sypher.mp4.mpg
2019-01-14 00:48:42,477 INFO ffmpeg -i transcoded_outputs//Epic_Explain.mp4 -qscale:v 1 /var/folders/9f/2m92rn2s6p93pg7wy9rrhnzr0000gn/T/tmpl7xp5lo3/Epic_Explain.mp4.mpg
2019-01-14 00:48:56,013 INFO ffmpeg -i transcoded_outputs//Hitboxes_are_not_right.mp4 -qscale:v 1 /var/folders/9f/2m92rn2s6p93pg7wy9rrhnzr0000gn/T/tmpl7xp5lo3/Hitboxes_are_not_right.mp4.mpg
2019-01-14 00:49:03,317 INFO ffmpeg -i transcoded_outputs//How_to_avoid_getting_hit_while_gliding.mp4 -qscale:v 1 /var/folders/9f/2m92rn2s6p93pg7wy9rrhnzr0000gn/T/tmpl7xp5lo3/How_to_avoid_getting_hit_while_gliding.mp4.mpg
2019-01-14 00:49:18,381 INFO ffmpeg -i transcoded_outputs//myth_puts_toxic_20_year_old_in_his_place.mp4 -qscale:v 1 /var/folders/9f/2m92rn2s6p93pg7wy9rrhnzr0000gn/T/tmpl7xp5lo3/myth_puts_toxic_20_year_old_in_his_place.mp4.mpg
2019-01-14 00:49:47,874 INFO ffmpeg -i transcoded_outputs//TFUE.mp4 -qscale:v 1 /var/folders/9f/2m92rn2s6p93pg7wy9rrhnzr0000gn/T/tmpl7xp5lo3/TFUE.mp4.mpg
2019-01-14 00:50:16,055 INFO ffmpeg -i transcoded_outputs//That_Reaction_XD.mp4 -qscale:v 1 /var/folders/9f/2m92rn2s6p93pg7wy9rrhnzr0000gn/T/tmpl7xp5lo3/That_Reaction_XD.mp4.mpg
2019-01-14 00:50:29,441 INFO ffmpeg -i transcoded_outputs//WTF.mp4 -qscale:v 1 /var/folders/9f/2m92rn2s6p93pg7wy9rrhnzr0000gn/T/tmpl7xp5lo3/WTF.mp4.mpg
2019-01-14 00:50:46,351 INFO ffmpeg -i transcoded_outputs//You_Hate_To_See_It.mp4 -qscale:v 1 /var/folders/9f/2m92rn2s6p93pg7wy9rrhnzr0000gn/T/tmpl7xp5lo3/You_Hate_To_See_It.mp4.mpg
2019-01-14 00:51:05,519 INFO MPGs -> MP4
2019-01-14 00:51:05,519 INFO ffmpeg -i concat:"/var/folders/9f/2m92rn2s6p93pg7wy9rrhnzr0000gn/T/tmpl7xp5lo3/200_iq_play.mp4.mpg|/var/folders/9f/2m92rn2s6p93pg7wy9rrhnzr0000gn/T/tmpl7xp5lo3/75000_bits_response_from_sypher.mp4.mpg|/var/folders/9f/2m92rn2s6p93pg7wy9rrhnzr0000gn/T/tmpl7xp5lo3/Epic_Explain.mp4.mpg|/var/folders/9f/2m92rn2s6p93pg7wy9rrhnzr0000gn/T/tmpl7xp5lo3/Hitboxes_are_not_right.mp4.mpg|/var/folders/9f/2m92rn2s6p93pg7wy9rrhnzr0000gn/T/tmpl7xp5lo3/How_to_avoid_getting_hit_while_gliding.mp4.mpg|/var/folders/9f/2m92rn2s6p93pg7wy9rrhnzr0000gn/T/tmpl7xp5lo3/myth_puts_toxic_20_year_old_in_his_place.mp4.mpg|/var/folders/9f/2m92rn2s6p93pg7wy9rrhnzr0000gn/T/tmpl7xp5lo3/TFUE.mp4.mpg|/var/folders/9f/2m92rn2s6p93pg7wy9rrhnzr0000gn/T/tmpl7xp5lo3/That_Reaction_XD.mp4.mpg|/var/folders/9f/2m92rn2s6p93pg7wy9rrhnzr0000gn/T/tmpl7xp5lo3/WTF.mp4.mpg|/var/folders/9f/2m92rn2s6p93pg7wy9rrhnzr0000gn/T/tmpl7xp5lo3/You_Hate_To_See_It.mp4.mpg|" -c:v libx264 -preset slow -crf 22 -c:a aac -strict -2 final_outputs/2019-01-14-output.mp4
2019-01-14 01:08:31,009 INFO Removing temp dir /var/folders/9f/2m92rn2s6p93pg7wy9rrhnzr0000gn/T/tmpl7xp5lo3...
2019-01-14 01:08:31,202 INFO DONE
